[2025-05-02 12:25:05] - WARNING - Not enough permission to place log file at /var/log/archinstall/install.log, creating it in /home/ang3lo/Documents/projects/bootstrap/install.log instead
[2025-05-02 12:25:05] - DEBUG - Hardware model detected: LENOVO 81SX; UEFI mode: True
[2025-05-02 12:25:05] - DEBUG - Processor model detected: Intel(R) Core(TM) i7-9750H CPU @ 2.60GHz
[2025-05-02 12:25:05] - DEBUG - Memory statistics: 11610380 available out of 16277876 total installed
[2025-05-02 12:25:05] - DEBUG - Could not detect virtual system: ['/sbin/systemd-detect-virt'] exited with abnormal exit code [1]: none

[2025-05-02 12:25:05] - DEBUG - System is not running in a VM: ['/sbin/systemd-detect-virt'] exited with abnormal exit code [1]: none

[2025-05-02 12:25:05] - DEBUG - Virtualization detected: None; is VM: False
[2025-05-02 12:25:05] - DEBUG - Graphics devices detected: dict_keys(['NVIDIA Corporation TU106M [GeForce RTX 2060 Mobile] (rev a1)'])
[2025-05-02 12:25:05] - DEBUG - Disk states before installing:
{
    "blockdevices": [
        {
            "name": "sda",
            "path": "/dev/sda",
            "pkname": null,
            "log_sec": 512,
            "size": "476940 MiB",
            "pttype": null,
            "ptuuid": null,
            "rota": false,
            "tran": "sata",
            "partn": null,
            "partuuid": null,
            "parttype": null,
            "uuid": "adf811f2-80ab-4c9c-b2cf-bd4daec9a517",
            "fstype": "crypto_LUKS",
            "fsver": "2",
            "fsavail": null,
            "fsuse_percentage": null,
            "type": "disk",
            "mountpoint": null,
            "mountpoints": [],
            "fsroots": [],
            "children": []
        },
        {
            "name": "nvme0n1",
            "path": "/dev/nvme0n1",
            "pkname": null,
            "log_sec": 512,
            "size": "488386 MiB",
            "pttype": "gpt",
            "ptuuid": "32ac4f80-6961-4225-b97e-0ed72a95023c",
            "rota": false,
            "tran": "nvme",
            "partn": null,
            "partuuid": null,
            "parttype": null,
            "uuid": null,
            "fstype": null,
            "fsver": null,
            "fsavail": null,
            "fsuse_percentage": null,
            "type": "disk",
            "mountpoint": null,
            "mountpoints": [],
            "fsroots": [],
            "children": [
                {
                    "name": "nvme0n1p1",
                    "path": "/dev/nvme0n1p1",
                    "pkname": "nvme0n1",
                    "log_sec": 512,
                    "size": "1024 MiB",
                    "pttype": "gpt",
                    "ptuuid": "32ac4f80-6961-4225-b97e-0ed72a95023c",
                    "rota": false,
                    "tran": "nvme",
                    "partn": 1,
                    "partuuid": "9894d4bf-f237-4b4b-88a3-26bb88bf9a5c",
                    "parttype": "c12a7328-f81f-11d2-ba4b-00a0c93ec93b",
                    "uuid": "05DE-B8C6",
                    "fstype": "vfat",
                    "fsver": "FAT32",
                    "fsavail": 591167488,
                    "fsuse_percentage": "45%",
                    "type": "part",
                    "mountpoint": "/boot",
                    "mountpoints": [
                        "/boot"
                    ],
                    "fsroots": [
                        "/"
                    ],
                    "children": []
                },
                {
                    "name": "nvme0n1p2",
                    "path": "/dev/nvme0n1p2",
                    "pkname": "nvme0n1",
                    "log_sec": 512,
                    "size": "487361 MiB",
                    "pttype": "gpt",
                    "ptuuid": "32ac4f80-6961-4225-b97e-0ed72a95023c",
                    "rota": false,
                    "tran": "nvme",
                    "partn": 2,
                    "partuuid": "9b82379d-c322-490a-a706-1713d1826d99",
                    "parttype": "0fc63daf-8483-4772-8e79-3d69d8477de4",
                    "uuid": "eb1243f5-3700-4fc8-a778-f63224cea4f8",
                    "fstype": "crypto_LUKS",
                    "fsver": "2",
                    "fsavail": null,
                    "fsuse_percentage": null,
                    "type": "part",
                    "mountpoint": null,
                    "mountpoints": [],
                    "fsroots": [],
                    "children": [
                        {
                            "name": "root",
                            "path": "/dev/mapper/root",
                            "pkname": "nvme0n1p2",
                            "log_sec": 512,
                            "size": "487345 MiB",
                            "pttype": null,
                            "ptuuid": null,
                            "rota": false,
                            "tran": null,
                            "partn": null,
                            "partuuid": null,
                            "parttype": null,
                            "uuid": "9ecebf11-99d2-4281-a94f-1a73e4ac5309",
                            "fstype": "ext4",
                            "fsver": "1.0",
                            "fsavail": 80733585408,
                            "fsuse_percentage": "79%",
                            "type": "crypt",
                            "mountpoint": "/",
                            "mountpoints": [
                                "/"
                            ],
                            "fsroots": [
                                "/"
                            ],
                            "children": []
                        }
                    ]
                }
            ]
        }
    ]
}
[2025-05-02 12:26:13] - WARNING - Not enough permission to place log file at /var/log/archinstall/install.log, creating it in /home/ang3lo/Documents/projects/bootstrap/install.log instead
[2025-05-02 12:26:13] - DEBUG - Hardware model detected: LENOVO 81SX; UEFI mode: True
[2025-05-02 12:26:13] - DEBUG - Processor model detected: Intel(R) Core(TM) i7-9750H CPU @ 2.60GHz
[2025-05-02 12:26:13] - DEBUG - Memory statistics: 11586932 available out of 16277876 total installed
[2025-05-02 12:26:13] - DEBUG - Could not detect virtual system: ['/sbin/systemd-detect-virt'] exited with abnormal exit code [1]: none

[2025-05-02 12:26:13] - DEBUG - System is not running in a VM: ['/sbin/systemd-detect-virt'] exited with abnormal exit code [1]: none

[2025-05-02 12:26:13] - DEBUG - Virtualization detected: None; is VM: False
[2025-05-02 12:26:13] - DEBUG - Graphics devices detected: dict_keys(['NVIDIA Corporation TU106M [GeForce RTX 2060 Mobile] (rev a1)'])
[2025-05-02 12:26:13] - DEBUG - Disk states before installing:
{
    "blockdevices": [
        {
            "name": "sda",
            "path": "/dev/sda",
            "pkname": null,
            "log_sec": 512,
            "size": "476940 MiB",
            "pttype": null,
            "ptuuid": null,
            "rota": false,
            "tran": "sata",
            "partn": null,
            "partuuid": null,
            "parttype": null,
            "uuid": "adf811f2-80ab-4c9c-b2cf-bd4daec9a517",
            "fstype": "crypto_LUKS",
            "fsver": "2",
            "fsavail": null,
            "fsuse_percentage": null,
            "type": "disk",
            "mountpoint": null,
            "mountpoints": [],
            "fsroots": [],
            "children": []
        },
        {
            "name": "nvme0n1",
            "path": "/dev/nvme0n1",
            "pkname": null,
            "log_sec": 512,
            "size": "488386 MiB",
            "pttype": "gpt",
            "ptuuid": "32ac4f80-6961-4225-b97e-0ed72a95023c",
            "rota": false,
            "tran": "nvme",
            "partn": null,
            "partuuid": null,
            "parttype": null,
            "uuid": null,
            "fstype": null,
            "fsver": null,
            "fsavail": null,
            "fsuse_percentage": null,
            "type": "disk",
            "mountpoint": null,
            "mountpoints": [],
            "fsroots": [],
            "children": [
                {
                    "name": "nvme0n1p1",
                    "path": "/dev/nvme0n1p1",
                    "pkname": "nvme0n1",
                    "log_sec": 512,
                    "size": "1024 MiB",
                    "pttype": "gpt",
                    "ptuuid": "32ac4f80-6961-4225-b97e-0ed72a95023c",
                    "rota": false,
                    "tran": "nvme",
                    "partn": 1,
                    "partuuid": "9894d4bf-f237-4b4b-88a3-26bb88bf9a5c",
                    "parttype": "c12a7328-f81f-11d2-ba4b-00a0c93ec93b",
                    "uuid": "05DE-B8C6",
                    "fstype": "vfat",
                    "fsver": "FAT32",
                    "fsavail": 591167488,
                    "fsuse_percentage": "45%",
                    "type": "part",
                    "mountpoint": "/boot",
                    "mountpoints": [
                        "/boot"
                    ],
                    "fsroots": [
                        "/"
                    ],
                    "children": []
                },
                {
                    "name": "nvme0n1p2",
                    "path": "/dev/nvme0n1p2",
                    "pkname": "nvme0n1",
                    "log_sec": 512,
                    "size": "487361 MiB",
                    "pttype": "gpt",
                    "ptuuid": "32ac4f80-6961-4225-b97e-0ed72a95023c",
                    "rota": false,
                    "tran": "nvme",
                    "partn": 2,
                    "partuuid": "9b82379d-c322-490a-a706-1713d1826d99",
                    "parttype": "0fc63daf-8483-4772-8e79-3d69d8477de4",
                    "uuid": "eb1243f5-3700-4fc8-a778-f63224cea4f8",
                    "fstype": "crypto_LUKS",
                    "fsver": "2",
                    "fsavail": null,
                    "fsuse_percentage": null,
                    "type": "part",
                    "mountpoint": null,
                    "mountpoints": [],
                    "fsroots": [],
                    "children": [
                        {
                            "name": "root",
                            "path": "/dev/mapper/root",
                            "pkname": "nvme0n1p2",
                            "log_sec": 512,
                            "size": "487345 MiB",
                            "pttype": null,
                            "ptuuid": null,
                            "rota": false,
                            "tran": null,
                            "partn": null,
                            "partuuid": null,
                            "parttype": null,
                            "uuid": "9ecebf11-99d2-4281-a94f-1a73e4ac5309",
                            "fstype": "ext4",
                            "fsver": "1.0",
                            "fsavail": 80733458432,
                            "fsuse_percentage": "79%",
                            "type": "crypt",
                            "mountpoint": "/",
                            "mountpoints": [
                                "/"
                            ],
                            "fsroots": [
                                "/"
                            ],
                            "children": []
                        }
                    ]
                }
            ]
        }
    ]
}
[2025-05-02 12:30:58] - WARNING - Not enough permission to place log file at /var/log/archinstall/install.log, creating it in /home/ang3lo/Documents/projects/bootstrap/install.log instead
[2025-05-02 12:30:58] - DEBUG - Hardware model detected: LENOVO 81SX; UEFI mode: True
[2025-05-02 12:30:58] - DEBUG - Processor model detected: Intel(R) Core(TM) i7-9750H CPU @ 2.60GHz
[2025-05-02 12:30:58] - DEBUG - Memory statistics: 11661908 available out of 16277876 total installed
[2025-05-02 12:30:58] - DEBUG - Could not detect virtual system: ['/sbin/systemd-detect-virt'] exited with abnormal exit code [1]: none

[2025-05-02 12:30:58] - DEBUG - System is not running in a VM: ['/sbin/systemd-detect-virt'] exited with abnormal exit code [1]: none

[2025-05-02 12:30:58] - DEBUG - Virtualization detected: None; is VM: False
[2025-05-02 12:30:58] - DEBUG - Graphics devices detected: dict_keys(['NVIDIA Corporation TU106M [GeForce RTX 2060 Mobile] (rev a1)'])
[2025-05-02 12:30:58] - DEBUG - Disk states before installing:
{
    "blockdevices": [
        {
            "name": "sda",
            "path": "/dev/sda",
            "pkname": null,
            "log_sec": 512,
            "size": "476940 MiB",
            "pttype": null,
            "ptuuid": null,
            "rota": false,
            "tran": "sata",
            "partn": null,
            "partuuid": null,
            "parttype": null,
            "uuid": "adf811f2-80ab-4c9c-b2cf-bd4daec9a517",
            "fstype": "crypto_LUKS",
            "fsver": "2",
            "fsavail": null,
            "fsuse_percentage": null,
            "type": "disk",
            "mountpoint": null,
            "mountpoints": [],
            "fsroots": [],
            "children": []
        },
        {
            "name": "nvme0n1",
            "path": "/dev/nvme0n1",
            "pkname": null,
            "log_sec": 512,
            "size": "488386 MiB",
            "pttype": "gpt",
            "ptuuid": "32ac4f80-6961-4225-b97e-0ed72a95023c",
            "rota": false,
            "tran": "nvme",
            "partn": null,
            "partuuid": null,
            "parttype": null,
            "uuid": null,
            "fstype": null,
            "fsver": null,
            "fsavail": null,
            "fsuse_percentage": null,
            "type": "disk",
            "mountpoint": null,
            "mountpoints": [],
            "fsroots": [],
            "children": [
                {
                    "name": "nvme0n1p1",
                    "path": "/dev/nvme0n1p1",
                    "pkname": "nvme0n1",
                    "log_sec": 512,
                    "size": "1024 MiB",
                    "pttype": "gpt",
                    "ptuuid": "32ac4f80-6961-4225-b97e-0ed72a95023c",
                    "rota": false,
                    "tran": "nvme",
                    "partn": 1,
                    "partuuid": "9894d4bf-f237-4b4b-88a3-26bb88bf9a5c",
                    "parttype": "c12a7328-f81f-11d2-ba4b-00a0c93ec93b",
                    "uuid": "05DE-B8C6",
                    "fstype": "vfat",
                    "fsver": "FAT32",
                    "fsavail": 591167488,
                    "fsuse_percentage": "45%",
                    "type": "part",
                    "mountpoint": "/boot",
                    "mountpoints": [
                        "/boot"
                    ],
                    "fsroots": [
                        "/"
                    ],
                    "children": []
                },
                {
                    "name": "nvme0n1p2",
                    "path": "/dev/nvme0n1p2",
                    "pkname": "nvme0n1",
                    "log_sec": 512,
                    "size": "487361 MiB",
                    "pttype": "gpt",
                    "ptuuid": "32ac4f80-6961-4225-b97e-0ed72a95023c",
                    "rota": false,
                    "tran": "nvme",
                    "partn": 2,
                    "partuuid": "9b82379d-c322-490a-a706-1713d1826d99",
                    "parttype": "0fc63daf-8483-4772-8e79-3d69d8477de4",
                    "uuid": "eb1243f5-3700-4fc8-a778-f63224cea4f8",
                    "fstype": "crypto_LUKS",
                    "fsver": "2",
                    "fsavail": null,
                    "fsuse_percentage": null,
                    "type": "part",
                    "mountpoint": null,
                    "mountpoints": [],
                    "fsroots": [],
                    "children": [
                        {
                            "name": "root",
                            "path": "/dev/mapper/root",
                            "pkname": "nvme0n1p2",
                            "log_sec": 512,
                            "size": "487345 MiB",
                            "pttype": null,
                            "ptuuid": null,
                            "rota": false,
                            "tran": null,
                            "partn": null,
                            "partuuid": null,
                            "parttype": null,
                            "uuid": "9ecebf11-99d2-4281-a94f-1a73e4ac5309",
                            "fstype": "ext4",
                            "fsver": "1.0",
                            "fsavail": 80733093888,
                            "fsuse_percentage": "79%",
                            "type": "crypt",
                            "mountpoint": "/",
                            "mountpoints": [
                                "/"
                            ],
                            "fsroots": [
                                "/"
                            ],
                            "children": []
                        }
                    ]
                }
            ]
        }
    ]
}
